<?xml version="1.0" encoding="UTF-8"?>
<testsuite xmlns:xsi="http://www.w3.org/2001/XMLSchema-instance" xsi:noNamespaceSchemaLocation="https://maven.apache.org/surefire/maven-surefire-plugin/xsd/surefire-test-report.xsd" name="it.polimi.ingsw.PSP13.modelTests.MapTest" time="0.042" tests="5" errors="0" skipped="0" failures="0">
  <properties>
[...]
</properties>
  <testcase name="CheckIfLegalTrue" classname="it.polimi.ingsw.PSP13.modelTests.MapTest" time="0.002"/>
  <testcase name="TestAdjacent" classname="it.polimi.ingsw.PSP13.modelTests.MapTest" time="0.006"/>
  <testcase name="TestAdjacentException" classname="it.polimi.ingsw.PSP13.modelTests.MapTest" time="0"/>
  <testcase name="checkGetCellException" classname="it.polimi.ingsw.PSP13.modelTests.MapTest" time="0"/>
  <testcase name="checkIfLegalFalse" classname="it.polimi.ingsw.PSP13.modelTests.MapTest" time="0"/>
</testsuite>